[2022-01-18 03:03:46.760] [main] [info] update#setState idle
[2022-01-18 03:03:46.910] [main] [info] ExtensionHostStarterWorker created
[2022-01-18 03:03:50.785] [main] [info] Starting extension host with pid 29880 (fork() took 78 ms).
[2022-01-18 03:04:16.774] [main] [info] update#setState checking for updates
[2022-01-18 03:04:16.875] [main] [info] update#setState idle
[2022-01-18 03:05:17.620] [main] [info] Extension host with pid 29880 exited with code: 0, signal: null.
[2022-01-18 03:05:20.040] [main] [info] Starting extension host with pid 30357 (fork() took 18 ms).
[2022-01-18 04:04:16.787] [main] [info] update#setState checking for updates
[2022-01-18 04:04:17.190] [main] [info] update#setState idle
[2022-01-18 05:04:16.841] [main] [info] update#setState checking for updates
[2022-01-18 05:04:17.246] [main] [info] update#setState idle
[2022-01-18 06:04:16.950] [main] [info] update#setState checking for updates
[2022-01-18 06:04:17.391] [main] [info] update#setState idle
[2022-01-18 07:04:17.060] [main] [info] update#setState checking for updates
[2022-01-18 07:04:17.448] [main] [info] update#setState idle
[2022-01-18 08:04:17.157] [main] [info] update#setState checking for updates
[2022-01-18 08:04:17.618] [main] [info] update#setState idle
[2022-01-18 09:04:17.257] [main] [info] update#setState checking for updates
[2022-01-18 09:04:17.651] [main] [info] update#setState idle
[2022-01-18 10:04:17.359] [main] [info] update#setState checking for updates
[2022-01-18 10:04:17.753] [main] [info] update#setState idle
[2022-01-18 11:04:17.442] [main] [info] update#setState checking for updates
[2022-01-18 11:04:17.833] [main] [info] update#setState idle
[2022-01-18 12:04:17.546] [main] [info] update#setState checking for updates
[2022-01-18 12:04:17.960] [main] [info] update#setState idle
[2022-01-18 13:04:17.595] [main] [info] update#setState checking for updates
[2022-01-18 13:04:18.088] [main] [info] update#setState idle
[2022-01-18 14:04:17.695] [main] [info] update#setState checking for updates
[2022-01-18 14:04:18.095] [main] [info] update#setState idle
[2022-01-18 15:04:17.784] [main] [info] update#setState checking for updates
[2022-01-18 15:04:18.267] [main] [info] update#setState idle
[2022-01-18 16:04:17.858] [main] [info] update#setState checking for updates
[2022-01-18 16:04:18.275] [main] [info] update#setState idle
[2022-01-18 17:04:17.957] [main] [info] update#setState checking for updates
[2022-01-18 17:04:18.477] [main] [info] update#setState idle
[2022-01-18 18:04:18.060] [main] [info] update#setState checking for updates
[2022-01-18 18:04:18.448] [main] [info] update#setState idle
[2022-01-18 19:04:18.162] [main] [info] update#setState checking for updates
[2022-01-18 19:04:18.544] [main] [info] update#setState idle
[2022-01-18 20:04:18.242] [main] [info] update#setState checking for updates
[2022-01-18 20:04:18.697] [main] [info] update#setState idle
[2022-01-18 21:04:18.356] [main] [info] update#setState checking for updates
[2022-01-18 21:04:18.828] [main] [info] update#setState idle
[2022-01-18 22:04:18.459] [main] [info] update#setState checking for updates
[2022-01-18 22:04:18.896] [main] [info] update#setState idle
[2022-01-18 23:04:18.485] [main] [info] update#setState checking for updates
[2022-01-18 23:04:18.887] [main] [info] update#setState idle
[2022-01-19 00:04:18.565] [main] [info] update#setState checking for updates
[2022-01-19 00:04:28.802] [main] [info] update#setState idle
[2022-01-19 01:04:18.601] [main] [info] update#setState checking for updates
[2022-01-19 01:04:19.066] [main] [info] update#setState idle
[2022-01-19 02:04:18.706] [main] [info] update#setState checking for updates
[2022-01-19 02:04:19.260] [main] [info] update#setState idle
[2022-01-19 03:04:18.718] [main] [info] update#setState checking for updates
[2022-01-19 03:04:19.165] [main] [info] update#setState idle
[2022-01-19 03:20:23.834] [main] [info] Enabling inspect port on extension host with pid 30357.
[2022-01-19 03:26:08.999] [main] [error] [storage state.vscdb] prepare(): Error: SQLITE_READONLY_DBMOVED: attempt to write a readonly database (INSERT INTO ItemTable VALUES (?,?),(?,?)). Details: Keys: __$__targetStorageMarker, workbench.panelpart.activepanelid Length: 1503
[2022-01-19 03:26:15.178] [main] [error] [storage state.vscdb] prepare(): Error: SQLITE_READONLY_DBMOVED: attempt to write a readonly database (INSERT INTO ItemTable VALUES (?,?)). Details: Keys: __$__targetStorageMarker Length: 1454
[2022-01-19 03:26:15.197] [main] [error] [storage state.vscdb] prepare(): Error: SQLITE_READONLY_DBMOVED: attempt to write a readonly database (DELETE FROM ItemTable WHERE key IN (?)). Details: Keys: workbench.panel.hidden
[2022-01-19 03:26:19.822] [main] [error] [storage state.vscdb] prepare(): Error: SQLITE_READONLY_DBMOVED: attempt to write a readonly database (INSERT INTO ItemTable VALUES (?,?),(?,?)). Details: Keys: memento/workbench.parts.editor, memento/workbench.editors.files.textFileEditor Length: 9917
